This file contains any messages produced by compilers while
running configure, to aid debugging if configure makes a mistake.

It was created by configure, which was
generated by GNU Autoconf 2.71.  Invocation command line was

  $ ./configure --prefix=/Users/linn/.cfitsio

## --------- ##
## Platform. ##
## --------- ##

hostname = linn-2.local
uname -m = x86_64
uname -r = 17.7.0
uname -s = Darwin
uname -v = Darwin Kernel Version 17.7.0: Fri Oct 30 13:34:27 PDT 2020; root:xnu-4570.71.82.8~1/RELEASE_X86_64

/usr/bin/uname -p = i386
/bin/uname -X     = unknown

/bin/arch              = unknown
/usr/bin/arch -k       = unknown
/usr/convex/getsysinfo = unknown
/usr/bin/hostinfo      = Mach kernel version:
	 Darwin Kernel Version 17.7.0: Fri Oct 30 13:34:27 PDT 2020; root:xnu-4570.71.82.8~1/RELEASE_X86_64
Kernel configured for up to 8 processors.
4 processors are physically available.
8 processors are logically available.
Processor type: x86_64h (Intel x86-64h Haswell)
Processors active: 0 1 2 3 4 5 6 7
Primary memory available: 16.00 gigabytes
Default processor set: 510 tasks, 2926 threads, 8 processors
Load average: 4.31, Mach factor: 3.68
/bin/machine           = unknown
/usr/bin/oslevel       = unknown
/bin/universe          = unknown

PATH: /Users/linn/miniconda3/bin/
PATH: /Users/linn/miniconda3/condabin/
PATH: /usr/local/sbin/
PATH: /usr/local/sbin/
PATH: /opt/local/bin/
PATH: /opt/local/sbin/
PATH: /usr/local/mrtrix3/bin/
PATH: /opt/local/Library/Frameworks/Python.framework/Versions/3.10/bin/Applications/exelis/idl82/bin/
PATH: /usr/local/opt/curl/bin/
PATH: /usr/local/sbin/
PATH: /usr/local/sbin/
PATH: /opt/local/bin/
PATH: /opt/local/sbin/
PATH: /usr/local/mrtrix3/bin/
PATH: /opt/local/Library/Frameworks/Python.framework/Versions/3.10/bin/Applications/exelis/idl82/bin/
PATH: /usr/local/opt/curl/bin/
PATH: /usr/local/bin/
PATH: /usr/bin/
PATH: /bin/
PATH: /usr/sbin/
PATH: /sbin/
PATH: /Library/TeX/texbin/
PATH: /opt/X11/bin/
PATH: /Applicatioexport/
PATH: /Applicatioexport/


## ----------- ##
## Core tests. ##
## ----------- ##

configure:2298: looking for aux files: config.guess config.sub
configure:2311:  trying ./
configure:2340:   ./config.guess found
configure:2340:   ./config.sub found
configure:2459: checking build system type
configure:2474: result: x86_64-apple-darwin17.7.0
configure:2494: checking host system type
configure:2508: result: x86_64-apple-darwin17.7.0
configure:2528: checking target system type
configure:2542: result: x86_64-apple-darwin17.7.0
configure:2701: checking for gcc
configure:2722: found /usr/bin/gcc
configure:2733: result: gcc
configure:3086: checking for C compiler version
configure:3095: gcc --version >&5
Apple LLVM version 10.0.0 (clang-1000.11.45.5)
Target: x86_64-apple-darwin17.7.0
Thread model: posix
InstalledDir: /Applications/Xcode.app/Contents/Developer/Toolchains/XcodeDefault.xctoolchain/usr/bin
Configured with: --prefix=/Applications/Xcode.app/Contents/Developer/usr --with-gxx-include-dir=/Applications/Xcode.app/Contents/Developer/Platforms/MacOSX.platform/Developer/SDKs/MacOSX10.14.sdk/usr/include/c++/4.2.1
configure:3106: $? = 0
configure:3095: gcc -v >&5
Configured with: --prefix=/Applications/Xcode.app/Contents/Developer/usr --with-gxx-include-dir=/Applications/Xcode.app/Contents/Developer/Platforms/MacOSX.platform/Developer/SDKs/MacOSX10.14.sdk/usr/include/c++/4.2.1
Apple LLVM version 10.0.0 (clang-1000.11.45.5)
Target: x86_64-apple-darwin17.7.0
Thread model: posix
InstalledDir: /Applications/Xcode.app/Contents/Developer/Toolchains/XcodeDefault.xctoolchain/usr/bin
configure:3106: $? = 0
configure:3095: gcc -V >&5
clang: error: argument to '-V' is missing (expected 1 value)
clang: error: no input files
configure:3106: $? = 1
configure:3095: gcc -qversion >&5
clang: error: unknown argument: '-qversion'
clang: error: no input files
configure:3106: $? = 1
configure:3095: gcc -version >&5
clang: error: unknown argument: '-version'
clang: error: no input files
configure:3106: $? = 1
configure:3126: checking whether the C compiler works
configure:3148: gcc    conftest.c  >&5
configure:3152: $? = 0
configure:3202: result: yes
configure:3205: checking for C compiler default output file name
configure:3207: result: a.out
configure:3213: checking for suffix of executables
configure:3220: gcc -o conftest    conftest.c  >&5
configure:3224: $? = 0
configure:3247: result: 
configure:3269: checking whether we are cross compiling
configure:3277: gcc -o conftest    conftest.c  >&5
configure:3281: $? = 0
configure:3288: ./conftest
configure:3292: $? = 0
configure:3307: result: no
configure:3312: checking for suffix of object files
configure:3335: gcc -c   conftest.c >&5
configure:3339: $? = 0
configure:3361: result: o
configure:3365: checking whether the compiler supports GNU C
configure:3385: gcc -c   conftest.c >&5
configure:3385: $? = 0
configure:3395: result: yes
configure:3406: checking whether gcc accepts -g
configure:3427: gcc -c -g  conftest.c >&5
configure:3427: $? = 0
configure:3471: result: yes
configure:3491: checking for gcc option to enable C11 features
configure:3506: gcc  -c -g -O2  conftest.c >&5
configure:3506: $? = 0
configure:3524: result: none needed
configure:3639: checking for stdio.h
configure:3639: gcc -c -g -O2  conftest.c >&5
configure:3639: $? = 0
configure:3639: result: yes
configure:3639: checking for stdlib.h
configure:3639: gcc -c -g -O2  conftest.c >&5
configure:3639: $? = 0
configure:3639: result: yes
configure:3639: checking for string.h
configure:3639: gcc -c -g -O2  conftest.c >&5
configure:3639: $? = 0
configure:3639: result: yes
configure:3639: checking for inttypes.h
configure:3639: gcc -c -g -O2  conftest.c >&5
configure:3639: $? = 0
configure:3639: result: yes
configure:3639: checking for stdint.h
configure:3639: gcc -c -g -O2  conftest.c >&5
configure:3639: $? = 0
configure:3639: result: yes
configure:3639: checking for strings.h
configure:3639: gcc -c -g -O2  conftest.c >&5
configure:3639: $? = 0
configure:3639: result: yes
configure:3639: checking for sys/stat.h
configure:3639: gcc -c -g -O2  conftest.c >&5
configure:3639: $? = 0
configure:3639: result: yes
configure:3639: checking for sys/types.h
configure:3639: gcc -c -g -O2  conftest.c >&5
configure:3639: $? = 0
configure:3639: result: yes
configure:3639: checking for unistd.h
configure:3639: gcc -c -g -O2  conftest.c >&5
configure:3639: $? = 0
configure:3639: result: yes
configure:3969: checking for gcc
configure:4001: result: gcc
configure:4354: checking for C compiler version
configure:4363: gcc --version >&5
Apple LLVM version 10.0.0 (clang-1000.11.45.5)
Target: x86_64-apple-darwin17.7.0
Thread model: posix
InstalledDir: /Applications/Xcode.app/Contents/Developer/Toolchains/XcodeDefault.xctoolchain/usr/bin
Configured with: --prefix=/Applications/Xcode.app/Contents/Developer/usr --with-gxx-include-dir=/Applications/Xcode.app/Contents/Developer/Platforms/MacOSX.platform/Developer/SDKs/MacOSX10.14.sdk/usr/include/c++/4.2.1
configure:4374: $? = 0
configure:4363: gcc -v >&5
Configured with: --prefix=/Applications/Xcode.app/Contents/Developer/usr --with-gxx-include-dir=/Applications/Xcode.app/Contents/Developer/Platforms/MacOSX.platform/Developer/SDKs/MacOSX10.14.sdk/usr/include/c++/4.2.1
Apple LLVM version 10.0.0 (clang-1000.11.45.5)
Target: x86_64-apple-darwin17.7.0
Thread model: posix
InstalledDir: /Applications/Xcode.app/Contents/Developer/Toolchains/XcodeDefault.xctoolchain/usr/bin
configure:4374: $? = 0
configure:4363: gcc -V >&5
clang: error: argument to '-V' is missing (expected 1 value)
clang: error: no input files
configure:4374: $? = 1
configure:4363: gcc -qversion >&5
clang: error: unknown argument: '-qversion'
clang: error: no input files
configure:4374: $? = 1
configure:4363: gcc -version >&5
clang: error: unknown argument: '-version'
clang: error: no input files
configure:4374: $? = 1
configure:4378: checking whether the compiler supports GNU C
configure:4408: result: yes
configure:4419: checking whether gcc accepts -g
configure:4484: result: yes
configure:4504: checking for gcc option to enable C11 features
configure:4537: result: none needed
configure:4662: checking for gfortran
configure:4683: found /usr/local/bin/gfortran
configure:4694: result: gfortran
configure:4739: checking for ar
configure:4760: found /opt/local/bin/ar
configure:4772: result: ar
configure:4834: checking for ranlib
configure:4855: found /opt/local/bin/ranlib
configure:4866: result: ranlib
configure:4892: checking for stdlib.h
configure:4892: result: yes
configure:4892: checking for string.h
configure:4892: result: yes
configure:4892: checking for math.h
configure:4892: gcc -c -g -O2  conftest.c >&5
configure:4892: $? = 0
configure:4892: result: yes
configure:4892: checking for limits.h
configure:4892: gcc -c -g -O2  conftest.c >&5
configure:4892: $? = 0
configure:4892: result: yes
configure:4915: gcc -c -g -O2  conftest.c >&5
configure:4915: $? = 0
configure:5256: checking for curl-config
configure:5277: found /Users/linn/miniconda3/bin/curl-config
configure:5288: result: curl-config
configure:5331: checking for inflateEnd in -lz
configure:5354: gcc -o conftest -I/Users/linn/miniconda3/include -g -O2 -Dg77Fortran -fPIC -fno-common  -g -O2 conftest.c -lz   >&5
configure:5354: $? = 0
configure:5364: result: yes
configure:5395: checking whether ftruncate works
configure:5411: gcc -o conftest -I/Users/linn/miniconda3/include -g -O2 -Dg77Fortran -fPIC -fno-common  -g -O2 conftest.c -lz  >&5
configure:5411: $? = 0
configure:5416: result: yes
configure:5430: checking whether long long is defined
configure:5446: gcc -c -I/Users/linn/miniconda3/include -g -O2 -Dg77Fortran -fPIC -fno-common  conftest.c >&5
configure:5446: $? = 0
configure:5451: result: yes
configure:5472: checking whether system V style IPC services are supported
configure:5493: gcc -o conftest -I/Users/linn/miniconda3/include -g -O2 -Dg77Fortran -fPIC -fno-common  -g -O2 conftest.c -lz  >&5
configure:5493: $? = 0
configure:5499: result: yes
configure:5515: checking whether flock_t is defined in sys/fcntl.h
configure:5531: gcc -c -I/Users/linn/miniconda3/include -g -O2 -Dg77Fortran -fPIC -fno-common  conftest.c >&5
conftest.c:36:1: error: use of undeclared identifier 'flock_t'; did you mean 'flock'?
flock_t filler;
^~~~~~~
flock
/Applications/Xcode.app/Contents/Developer/Platforms/MacOSX.platform/Developer/SDKs/MacOSX10.14.sdk/usr/include/sys/fcntl.h:528:5: note: 'flock' declared here
int     flock(int, int);
        ^
conftest.c:36:1: error: must use 'struct' tag to refer to type 'flock'
flock_t filler;
^
struct 
/Applications/Xcode.app/Contents/Developer/Platforms/MacOSX.platform/Developer/SDKs/MacOSX10.14.sdk/usr/include/sys/fcntl.h:528:5: note: struct 'flock' is hidden by a non-type declaration of 'flock' here
int     flock(int, int);
        ^
2 errors generated.
configure:5531: $? = 1
configure: failed program was:
| /* confdefs.h */
| #define PACKAGE_NAME ""
| #define PACKAGE_TARNAME ""
| #define PACKAGE_VERSION ""
| #define PACKAGE_STRING ""
| #define PACKAGE_BUGREPORT ""
| #define PACKAGE_URL ""
| #define HAVE_STDIO_H 1
| #define HAVE_STDLIB_H 1
| #define HAVE_STRING_H 1
| #define HAVE_INTTYPES_H 1
| #define HAVE_STDINT_H 1
| #define HAVE_STRINGS_H 1
| #define HAVE_SYS_STAT_H 1
| #define HAVE_SYS_TYPES_H 1
| #define HAVE_UNISTD_H 1
| #define STDC_HEADERS 1
| #define HAVE_STDLIB_H 1
| #define HAVE_STRING_H 1
| #define HAVE_MATH_H 1
| #define HAVE_LIMITS_H 1
| #define _LARGEFILE_SOURCE 1
| #define _FILE_OFFSET_BITS 64
| #define CFITSIO_HAVE_CURL 1
| #define HAVE_LIBZ 1
| #define HAVE_FTRUNCATE 1
| #define HAVE_LONGLONG 1
| #define HAVE_SHMEM_SERVICES 1
| /* end confdefs.h.  */
| #include <sys/fcntl.h>
| 
| int
| main (void)
| {
| 
| flock_t filler;
| 
|   ;
|   return 0;
| }
configure:5540: result: no
configure:5546: checking whether flock_t is defined in sys/flock.h
configure:5562: gcc -c -I/Users/linn/miniconda3/include -g -O2 -Dg77Fortran -fPIC -fno-common  conftest.c >&5
conftest.c:30:10: fatal error: 'sys/flock.h' file not found
#include <sys/flock.h>
         ^~~~~~~~~~~~~
1 error generated.
configure:5562: $? = 1
configure: failed program was:
| /* confdefs.h */
| #define PACKAGE_NAME ""
| #define PACKAGE_TARNAME ""
| #define PACKAGE_VERSION ""
| #define PACKAGE_STRING ""
| #define PACKAGE_BUGREPORT ""
| #define PACKAGE_URL ""
| #define HAVE_STDIO_H 1
| #define HAVE_STDLIB_H 1
| #define HAVE_STRING_H 1
| #define HAVE_INTTYPES_H 1
| #define HAVE_STDINT_H 1
| #define HAVE_STRINGS_H 1
| #define HAVE_SYS_STAT_H 1
| #define HAVE_SYS_TYPES_H 1
| #define HAVE_UNISTD_H 1
| #define STDC_HEADERS 1
| #define HAVE_STDLIB_H 1
| #define HAVE_STRING_H 1
| #define HAVE_MATH_H 1
| #define HAVE_LIMITS_H 1
| #define _LARGEFILE_SOURCE 1
| #define _FILE_OFFSET_BITS 64
| #define CFITSIO_HAVE_CURL 1
| #define HAVE_LIBZ 1
| #define HAVE_FTRUNCATE 1
| #define HAVE_LONGLONG 1
| #define HAVE_SHMEM_SERVICES 1
| /* end confdefs.h.  */
| #include <sys/flock.h>
| 
| int
| main (void)
| {
| 
|    flock_t filler;
| 
|   ;
|   return 0;
| }
configure:5571: result: no
configure:5640: checking whether union semun is defined
configure:5658: gcc -c -I/Users/linn/miniconda3/include -g -O2 -Dg77Fortran -fPIC -fno-common  conftest.c >&5
configure:5658: $? = 0
configure:5663: result: yes
configure:5676: checking for fmemopen
configure:5676: gcc -o conftest -I/Users/linn/miniconda3/include -g -O2 -Dg77Fortran -fPIC -fno-common  -g -O2 conftest.c -lz  >&5
configure:5676: $? = 0
configure:5676: result: yes
configure:5690: checking for library containing gethostbyname
configure:5720: gcc -o conftest -I/Users/linn/miniconda3/include -g -O2 -Dg77Fortran -fPIC -fno-common  -g -O2 conftest.c -lz  >&5
configure:5720: $? = 0
configure:5740: result: none required
configure:5751: checking for library containing connect
configure:5781: gcc -o conftest -I/Users/linn/miniconda3/include -g -O2 -Dg77Fortran -fPIC -fno-common  -g -O2 conftest.c -lz  >&5
configure:5781: $? = 0
configure:5801: result: none required
configure:5972: creating ./config.status

## ---------------------- ##
## Running config.status. ##
## ---------------------- ##

This file was extended by config.status, which was
generated by GNU Autoconf 2.71.  Invocation command line was

  CONFIG_FILES    = 
  CONFIG_HEADERS  = 
  CONFIG_LINKS    = 
  CONFIG_COMMANDS = 
  $ ./config.status 

on linn-2.local

config.status:751: creating Makefile
configure:7124: creating ./config.status

## ---------------------- ##
## Running config.status. ##
## ---------------------- ##

This file was extended by config.status, which was
generated by GNU Autoconf 2.71.  Invocation command line was

  CONFIG_FILES    = 
  CONFIG_HEADERS  = 
  CONFIG_LINKS    = 
  CONFIG_COMMANDS = 
  $ ./config.status 

on linn-2.local

config.status:752: creating Makefile
config.status:752: creating cfitsio.pc
configure:8127: result: 
configure:8129: result:     Congratulations, Makefile update was successful.
configure:8131: result:     You may want to run make now.
configure:8133: result: 

## ---------------- ##
## Cache variables. ##
## ---------------- ##

ac_cv_build=x86_64-apple-darwin17.7.0
ac_cv_c_compiler_gnu=yes
ac_cv_env_CC_set=
ac_cv_env_CC_value=
ac_cv_env_CFLAGS_set=
ac_cv_env_CFLAGS_value=
ac_cv_env_CPPFLAGS_set=
ac_cv_env_CPPFLAGS_value=
ac_cv_env_LDFLAGS_set=
ac_cv_env_LDFLAGS_value=
ac_cv_env_LIBS_set=
ac_cv_env_LIBS_value=
ac_cv_env_build_alias_set=
ac_cv_env_build_alias_value=
ac_cv_env_host_alias_set=
ac_cv_env_host_alias_value=
ac_cv_env_target_alias_set=
ac_cv_env_target_alias_value=
ac_cv_func_fmemopen=yes
ac_cv_header_inttypes_h=yes
ac_cv_header_limits_h=yes
ac_cv_header_math_h=yes
ac_cv_header_stdint_h=yes
ac_cv_header_stdio_h=yes
ac_cv_header_stdlib_h=yes
ac_cv_header_string_h=yes
ac_cv_header_strings_h=yes
ac_cv_header_sys_stat_h=yes
ac_cv_header_sys_types_h=yes
ac_cv_header_unistd_h=yes
ac_cv_host=x86_64-apple-darwin17.7.0
ac_cv_lib_z_inflateEnd=yes
ac_cv_objext=o
ac_cv_prog_AR=ar
ac_cv_prog_CURLCONFIG=curl-config
ac_cv_prog_FC=gfortran
ac_cv_prog_ac_ct_CC=gcc
ac_cv_prog_ac_ct_RANLIB=ranlib
ac_cv_prog_cc_c11=
ac_cv_prog_cc_g=yes
ac_cv_prog_cc_stdc=
ac_cv_search_connect='none required'
ac_cv_search_gethostbyname='none required'
ac_cv_target=x86_64-apple-darwin17.7.0

## ----------------- ##
## Output variables. ##
## ----------------- ##

AR='ar'
ARCH='i386'
ARCHIVE='ar rv'
CC='gcc'
CFITSIO_MAJOR='4'
CFITSIO_MICRO='0'
CFITSIO_MINOR='1'
CFITSIO_SHLIB='lib${PACKAGE}.${CFITSIO_SONAME}.${CFITSIO_MAJOR}.${CFITSIO_MINOR}.${CFITSIO_MICRO}${SHLIB_SUFFIX}'
CFITSIO_SHLIB_SONAME='lib${PACKAGE}.${CFITSIO_SONAME}${SHLIB_SUFFIX}'
CFITSIO_SONAME='9'
CFLAGS='-I/Users/linn/miniconda3/include -g -O2 -Dg77Fortran -fPIC -fno-common'
CPPFLAGS=''
CURLCONFIG='curl-config'
DEFS='-DPACKAGE_NAME=\"\" -DPACKAGE_TARNAME=\"\" -DPACKAGE_VERSION=\"\" -DPACKAGE_STRING=\"\" -DPACKAGE_BUGREPORT=\"\" -DPACKAGE_URL=\"\" -DHAVE_STDIO_H=1 -DHAVE_STDLIB_H=1 -DHAVE_STRING_H=1 -DHAVE_INTTYPES_H=1 -DHAVE_STDINT_H=1 -DHAVE_STRINGS_H=1 -DHAVE_SYS_STAT_H=1 -DHAVE_SYS_TYPES_H=1 -DHAVE_UNISTD_H=1 -DSTDC_HEADERS=1 -DHAVE_STDLIB_H=1 -DHAVE_STRING_H=1 -DHAVE_MATH_H=1 -DHAVE_LIMITS_H=1 -D_LARGEFILE_SOURCE=1 -D_FILE_OFFSET_BITS=64 -DCFITSIO_HAVE_CURL=1 -DHAVE_LIBZ=1 -DHAVE_FTRUNCATE=1 -DHAVE_LONGLONG=1 -DHAVE_SHMEM_SERVICES=1 -DHAVE_UNION_SEMUN=1 -DHAVE_FMEMOPEN=1 -DHAVE_NET_SERVICES=1'
ECHO_C='\c'
ECHO_N=''
ECHO_T=''
EXEEXT=''
F77_WRAPPERS='${FITSIO_SRC}'
FC='gfortran'
GCCVERSION='4.2.1'
GSIFTP_SRC=''
INSTALL_ROOT='${prefix}'
LDFLAGS='-g -O2'
LDFLAGS_BIN='-g -O2 -Wl,-rpath,${CFITSIO_LIB}'
LIBOBJS=''
LIBPRE=''
LIBS='-lz '
LIBS_CURL='-Wl,-rpath,/Users/linn/miniconda3/lib -L/Users/linn/miniconda3/lib -lcurl'
LTLIBOBJS=''
OBJEXT='o'
PACKAGE_BUGREPORT=''
PACKAGE_NAME=''
PACKAGE_STRING=''
PACKAGE_TARNAME=''
PACKAGE_URL=''
PACKAGE_VERSION=''
PATH_SEPARATOR=':'
RANLIB='ranlib'
SHELL='/bin/sh'
SHLIB_LD='gcc -dynamiclib  -headerpad_max_install_names -install_name @rpath/lib${PACKAGE}.${CFITSIO_SONAME}${SHLIB_SUFFIX} -compatibility_version ${CFITSIO_SONAME} -current_version ${CFITSIO_SONAME}.${CFITSIO_MAJOR}.${CFITSIO_MINOR}.${CFITSIO_MICRO}'
SHLIB_SUFFIX='.dylib'
SSE_FLAGS=''
ac_ct_CC='gcc'
bindir='${exec_prefix}/bin'
build='x86_64-apple-darwin17.7.0'
build_alias=''
build_cpu='x86_64'
build_os='darwin17.7.0'
build_vendor='apple'
datadir='${datarootdir}'
datarootdir='${prefix}/share'
docdir='${datarootdir}/doc/${PACKAGE}'
dvidir='${docdir}'
exec_prefix='${prefix}'
host='x86_64-apple-darwin17.7.0'
host_alias=''
host_cpu='x86_64'
host_os='darwin17.7.0'
host_vendor='apple'
htmldir='${docdir}'
includedir='${prefix}/include'
infodir='${datarootdir}/info'
libdir='${exec_prefix}/lib'
libexecdir='${exec_prefix}/libexec'
localedir='${datarootdir}/locale'
localstatedir='${prefix}/var'
mandir='${datarootdir}/man'
my_shmem='${SOURCES_SHMEM}'
oldincludedir='/usr/include'
pdfdir='${docdir}'
prefix='/Users/linn/.cfitsio'
program_transform_name='s,x,x,'
psdir='${docdir}'
runstatedir='${localstatedir}/run'
sbindir='${exec_prefix}/sbin'
sharedstatedir='${prefix}/com'
sysconfdir='${prefix}/etc'
target='x86_64-apple-darwin17.7.0'
target_alias=''
target_cpu='x86_64'
target_os='darwin17.7.0'
target_vendor='apple'

## ----------- ##
## confdefs.h. ##
## ----------- ##

/* confdefs.h */
#define PACKAGE_NAME ""
#define PACKAGE_TARNAME ""
#define PACKAGE_VERSION ""
#define PACKAGE_STRING ""
#define PACKAGE_BUGREPORT ""
#define PACKAGE_URL ""
#define HAVE_STDIO_H 1
#define HAVE_STDLIB_H 1
#define HAVE_STRING_H 1
#define HAVE_INTTYPES_H 1
#define HAVE_STDINT_H 1
#define HAVE_STRINGS_H 1
#define HAVE_SYS_STAT_H 1
#define HAVE_SYS_TYPES_H 1
#define HAVE_UNISTD_H 1
#define STDC_HEADERS 1
#define HAVE_STDLIB_H 1
#define HAVE_STRING_H 1
#define HAVE_MATH_H 1
#define HAVE_LIMITS_H 1
#define _LARGEFILE_SOURCE 1
#define _FILE_OFFSET_BITS 64
#define CFITSIO_HAVE_CURL 1
#define HAVE_LIBZ 1
#define HAVE_FTRUNCATE 1
#define HAVE_LONGLONG 1
#define HAVE_SHMEM_SERVICES 1
#define HAVE_UNION_SEMUN 1
#define HAVE_FMEMOPEN 1
#define HAVE_NET_SERVICES 1

configure: exit 0
